8.7293 	WARNING 	User requested fullscreen with size [1536  864], but screen is actually [3840, 2160]. Using actual size
12.2871 	EXP 	Created window1 = Window(allowGUI=True, allowStencil=False, autoLog=True, backendConf=UNKNOWN, backgroundFit=<method-wrapper '__getattribute__' of attributeSetter object at 0x000001AAD852A250>, backgroundImage=<method-wrapper '__getattribute__' of attributeSetter object at 0x000001AAD852A1F0>, bitsMode=UNKNOWN, blendMode='avg', bpc=(8, 8, 8), color=array([0, 0, 0]), colorSpace='rgb', depthBits=8, fullscr=<method-wrapper '__getattribute__' of attributeSetter object at 0x000001AAD852A040>, gamma=None, gammaErrorPolicy='raise', lms=UNKNOWN, monitor=<psychopy.monitors.calibTools.Monitor object at 0x000001AAD8986520>, multiSample=False, name='window1', numSamples=2, pos=(0, 0), screen=0, size=array([3840, 2160]), stencilBits=0, stereo=False, title='PsychoPy', units='height', useFBO=True, useRetina=False, viewOri=0.0, viewPos=None, viewScale=None, waitBlanking=True, winType='pyglet')
12.2873 	EXP 	window1: mouseVisible = True
12.2873 	EXP 	window1: backgroundImage = ''
12.2873 	EXP 	window1: backgroundFit = 'none'
12.2895 	EXP 	window1: Attempting to measure frame rate of screen (0) ...
12.2896 	EXP 	window1: recordFrameIntervals = False
12.4539 	EXP 	window1: recordFrameIntervals = True
12.6538 	EXP 	Screen (0) actual frame rate measured at 60.00Hz
12.6538 	EXP 	window1: recordFrameIntervals = False
12.6540 	EXP 	window1: mouseVisible = False
16.1069 	EXP 	CRL1e: status = STARTED
16.1076 	EXP 	window1: mouseVisible = True
16.3116 	EXP 	Created informed_consent = TextStim(__class__=<class 'psychopy.visual.text.TextStim'>, alignHoriz=method-wrapper(...), alignText='center', alignVert=method-wrapper(...), anchorHoriz='center', anchorVert='center', antialias=True, autoDraw=False, autoLog=True, bold=False, color=array([1., 1., 1.]), colorSpace='rgb', contrast=1.0, depth=0.0, draggable=False, flipHoriz=False, flipVert=False, font='Open Sans', fontFiles=[], height=0.02, italic=False, languageStyle='LTR', name='informed_consent', opacity=1.0, ori=0.0, pos=array([0., 0.]), rgb=UNKNOWN, text=str(...), units='height', win=Window(...), wrapWidth=1)
16.3118 	EXP 	window1: mouseVisible = True
16.3580 	EXP 	Created text_instructions = TextStim(__class__=<class 'psychopy.visual.text.TextStim'>, alignHoriz=method-wrapper(...), alignText='center', alignVert=method-wrapper(...), anchorHoriz='center', anchorVert='center', antialias=True, autoDraw=False, autoLog=True, bold=False, color=array([1., 1., 1.]), colorSpace='rgb', contrast=1.0, depth=0.0, draggable=False, flipHoriz=False, flipVert=False, font='Open Sans', fontFiles=[], height=0.02, italic=False, languageStyle='LTR', name='text_instructions', opacity=1.0, ori=0.0, pos=array([0., 0.]), rgb=UNKNOWN, text=str(...), units='height', win=Window(...), wrapWidth=1)
16.3586 	EXP 	window1: mouseVisible = True
16.3704 	EXP 	Created next_task_ready = TextStim(__class__=<class 'psychopy.visual.text.TextStim'>, alignHoriz=method-wrapper(...), alignText='center', alignVert=method-wrapper(...), anchorHoriz='center', anchorVert='center', antialias=True, autoDraw=False, autoLog=True, bold=False, color=array([1., 1., 1.]), colorSpace='rgb', contrast=1.0, depth=0.0, draggable=False, flipHoriz=False, flipVert=False, font='Open Sans', fontFiles=[], height=0.02, italic=False, languageStyle='LTR', name='next_task_ready', opacity=1.0, ori=0.0, pos=array([0., 0.]), rgb=UNKNOWN, text=str(...), units='height', win=Window(...), wrapWidth=1)
16.3706 	EXP 	window1: mouseVisible = True
16.3769 	EXP 	Created text_fixation = TextStim(__class__=<class 'psychopy.visual.text.TextStim'>, alignHoriz=method-wrapper(...), alignText='center', alignVert=method-wrapper(...), anchorHoriz='center', anchorVert='center', antialias=True, autoDraw=False, autoLog=True, bold=False, color=array([1., 1., 1.]), colorSpace='rgb', contrast=1.0, depth=-1.0, draggable=False, flipHoriz=False, flipVert=False, font='Open Sans', fontFiles=[], height=0.05, italic=False, languageStyle='LTR', name='text_fixation', opacity=1.0, ori=0.0, pos=array([0., 0.]), rgb=UNKNOWN, text='+', units='height', win=Window(...), wrapWidth=1)
16.3770 	EXP 	window1: mouseVisible = True
16.3947 	EXP 	Created stimulus = ImageStim(__class__=<class 'psychopy.visual.image.ImageStim'>, anchor=('center', 'center'), autoLog=True, color=array([1., 1., 1.]), colorSpace='rgb', contrast=1.0, depth=0.0, draggable=False, flipHoriz=False, flipVert=False, image='default.png', interpolate=True, mask=None, maskParams=None, name='stimulus', opacity=1.0, ori=0.0, pos=array([0., 0.]), size=array([1., 1.]), texRes=128.0, units='height', win=Window(...))
16.3949 	EXP 	window1: mouseVisible = True
16.4093 	EXP 	Created response_northern_text = TextStim(__class__=<class 'psychopy.visual.text.TextStim'>, alignHoriz=method-wrapper(...), alignText='center', alignVert=method-wrapper(...), anchorHoriz='center', anchorVert='center', antialias=True, autoDraw=False, autoLog=True, bold=False, color=array([1., 1., 1.]), colorSpace='rgb', contrast=1.0, depth=-1.0, draggable=False, flipHoriz=False, flipVert=False, font='Open Sans', fontFiles=[], height=0.05, italic=False, languageStyle='LTR', name='response_northern_text', opacity=1.0, ori=0.0, pos=array([-0.4 , -0.35]), rgb=UNKNOWN, text='Northern Hemisphere (Left)', units='height', win=Window(...), wrapWidth=1)
16.4095 	EXP 	window1: mouseVisible = True
16.4269 	EXP 	Created response_southern_text = TextStim(__class__=<class 'psychopy.visual.text.TextStim'>, alignHoriz=method-wrapper(...), alignText='center', alignVert=method-wrapper(...), anchorHoriz='center', anchorVert='center', antialias=True, autoDraw=False, autoLog=True, bold=False, color=array([1., 1., 1.]), colorSpace='rgb', contrast=1.0, depth=-2.0, draggable=False, flipHoriz=False, flipVert=False, font='Open Sans', fontFiles=[], height=0.05, italic=False, languageStyle='LTR', name='response_southern_text', opacity=1.0, ori=0.0, pos=array([ 0.4 , -0.35]), rgb=UNKNOWN, text='Southern Hemisphere (Right)', units='height', win=Window(...), wrapWidth=1)
16.4272 	EXP 	window1: mouseVisible = True
16.4290 	EXP 	Created feedback_text = TextStim(__class__=<class 'psychopy.visual.text.TextStim'>, alignHoriz=method-wrapper(...), alignText='center', alignVert=method-wrapper(...), anchorHoriz='center', anchorVert='center', antialias=True, autoDraw=False, autoLog=True, bold=False, color=array([1., 1., 1.]), colorSpace='rgb', contrast=1.0, depth=-1.0, draggable=False, flipHoriz=False, flipVert=False, font='Open Sans', fontFiles=[], height=0.05, italic=False, languageStyle='LTR', name='feedback_text', opacity=1.0, ori=0.0, pos=array([0., 0.]), rgb=UNKNOWN, text='', units='height', win=Window(...), wrapWidth=1)
16.8803 	EXP 	Sound correct_tone set volume 1.000
16.8808 	EXP 	Sound incorrect_tone set volume 1.000
16.8811 	EXP 	window1: mouseVisible = True
16.9290 	EXP 	Created text_end = TextStim(__class__=<class 'psychopy.visual.text.TextStim'>, alignHoriz=method-wrapper(...), alignText='center', alignVert=method-wrapper(...), anchorHoriz='center', anchorVert='center', antialias=True, autoDraw=False, autoLog=True, bold=False, color=array([1., 1., 1.]), colorSpace='rgb', contrast=1.0, depth=0.0, draggable=False, flipHoriz=False, flipVert=False, font='Open Sans', fontFiles=[], height=0.025, italic=False, languageStyle='LTR', name='text_end', opacity=1.0, ori=0.0, pos=array([0., 0.]), rgb=UNKNOWN, text=str(...), units='height', win=Window(...), wrapWidth=1)
0.0014 	DATA 	Mouse: Left button down, pos=(3480,1383)
0.0022 	DATA 	Mouse:  Left button up, pos=(3480,1383)
0.0293 	EXP 	informed_consent: autoDraw = True
0.5291 	DATA 	Mouse: Left button down, pos=(3143,1153)
0.6348 	DATA 	Mouse:  Left button up, pos=(3143,1153)
1.3789 	DATA 	Keypress: right
1.9019 	DATA 	Keypress: space
1.9078 	EXP 	informed_consent: autoDraw = False
1.9078 	EXP 	text_instructions: autoDraw = True
2.5826 	EXP 	Imported design/CRL1_task.csv as conditions, 2 conditions, 1 params
2.5833 	EXP 	Created sequence: fullRandom, trialTypes=2, nReps=1, seed=None
2.5837 	EXP 	New trial (rep=0, index=0): OrderedDict([('tasksRows', ' 0:2')])
2.5868 	DATA 	Keypress: space
2.5922 	EXP 	text_instructions: autoDraw = False
2.5922 	EXP 	next_task_ready: autoDraw = True
3.1704 	EXP 	Imported design/CRL1e_phase.csv as conditions, 2 conditions, 2 params
3.1710 	EXP 	Created sequence: sequential, trialTypes=2, nReps=1, seed=None
3.1714 	EXP 	New trial (rep=0, index=0): OrderedDict([('trialsRows', ' 0:8'), ('eachBlock', 6)])
3.1792 	EXP 	Imported design/CRL1e_trials_set1.csv as conditions, 8 conditions, 7 params
3.1797 	EXP 	Created sequence: random, trialTypes=8, nReps=6, seed=None
3.1801 	EXP 	New trial (rep=0, index=0): OrderedDict([('task', 'total'), ('phase', 1), ('Exemplars', 'images/Ex2.jpg'), ('r_correct', 'left'), ('condition', 'training'), ('difficulty', 'easy'), ('set', 1)])
3.1829 	DATA 	Keypress: space
3.1872 	EXP 	next_task_ready: autoDraw = False
3.1872 	EXP 	text_fixation: autoDraw = True
3.8270 	EXP 	text_fixation: autoDraw = False
3.8270 	EXP 	text_fixation: autoDraw = False
3.8270 	EXP 	stimulus: image = 'images/Ex2.jpg'
3.8270 	EXP 	stimulus: autoDraw = True
3.8270 	EXP 	response_northern_text: autoDraw = True
3.8270 	EXP 	response_southern_text: autoDraw = True
10.8485 	EXP 	Sound correct_tone started
10.8485 	EXP 	Sound incorrect_tone started
10.8479 	DATA 	Keypress: right
10.8537 	EXP 	stimulus: autoDraw = False
10.8537 	EXP 	response_northern_text: autoDraw = False
10.8537 	EXP 	response_southern_text: autoDraw = False
10.8537 	EXP 	feedback_text: height = 0.05
10.8537 	EXP 	feedback_text: height = 0.05
10.8537 	EXP 	feedback_text: height = 0.05
10.8537 	EXP 	feedback_text: text = 'Too Slow, Please Respond More Quickly'
10.8537 	EXP 	feedback_text: autoDraw = True
11.0534 	EXP 	Sound correct_tone stopped
11.0635 	EXP 	Sound incorrect_tone reached end of file
11.0636 	EXP 	Sound incorrect_tone reached end of file
11.8432 	EXP 	New trial (rep=0, index=1): OrderedDict([('task', 'total'), ('phase', 1), ('Exemplars', 'images/Ex1.jpg'), ('r_correct', 'left'), ('condition', 'training'), ('difficulty', 'easy'), ('set', 1)])
11.8592 	EXP 	feedback_text: autoDraw = False
11.8592 	EXP 	text_fixation: autoDraw = True
12.0639 	DATA 	Keypress: escape
12.2104 	EXP 	CRL1e: status = STOPPED
12.2264 	EXP 	text_fixation: autoDraw = False
12.2265 	EXP 	CRL1e: status = STOPPED
13.6965 	EXP 	window1: mouseVisible = True
