7.4207 	WARNING 	User requested fullscreen with size [1536  864], but screen is actually [3840, 2160]. Using actual size
10.9291 	EXP 	Created window1 = Window(allowGUI=True, allowStencil=False, autoLog=True, backendConf=UNKNOWN, backgroundFit=<method-wrapper '__getattribute__' of attributeSetter object at 0x000001EE44D8AC40>, backgroundImage=<method-wrapper '__getattribute__' of attributeSetter object at 0x000001EE44D8ABE0>, bitsMode=UNKNOWN, blendMode='avg', bpc=(8, 8, 8), color=array([0, 0, 0]), colorSpace='rgb', depthBits=8, fullscr=<method-wrapper '__getattribute__' of attributeSetter object at 0x000001EE44D8AA30>, gamma=None, gammaErrorPolicy='raise', lms=UNKNOWN, monitor=<psychopy.monitors.calibTools.Monitor object at 0x000001EE451D77C0>, multiSample=False, name='window1', numSamples=2, pos=(0, 0), screen=0, size=array([3840, 2160]), stencilBits=0, stereo=False, title='PsychoPy', units='height', useFBO=True, useRetina=False, viewOri=0.0, viewPos=None, viewScale=None, waitBlanking=True, winType='pyglet')
10.9292 	EXP 	window1: mouseVisible = True
10.9292 	EXP 	window1: backgroundImage = ''
10.9292 	EXP 	window1: backgroundFit = 'none'
10.9310 	EXP 	window1: Attempting to measure frame rate of screen (0) ...
10.9311 	EXP 	window1: recordFrameIntervals = False
11.0955 	EXP 	window1: recordFrameIntervals = True
11.2787 	EXP 	Screen (0) actual frame rate measured at 59.88Hz
11.2787 	EXP 	window1: recordFrameIntervals = False
11.2789 	EXP 	window1: mouseVisible = False
14.5403 	EXP 	CRL1e: status = STARTED
14.5408 	EXP 	window1: mouseVisible = True
14.8175 	EXP 	Created informed_consent = TextStim(__class__=<class 'psychopy.visual.text.TextStim'>, alignHoriz=method-wrapper(...), alignText='center', alignVert=method-wrapper(...), anchorHoriz='center', anchorVert='center', antialias=True, autoDraw=False, autoLog=True, bold=False, color=array([1., 1., 1.]), colorSpace='rgb', contrast=1.0, depth=0.0, draggable=False, flipHoriz=False, flipVert=False, font='Open Sans', fontFiles=[], height=0.02, italic=False, languageStyle='LTR', name='informed_consent', opacity=1.0, ori=0.0, pos=array([0., 0.]), rgb=UNKNOWN, text=str(...), units='height', win=Window(...), wrapWidth=1)
14.8177 	EXP 	window1: mouseVisible = True
14.8495 	EXP 	Created text_instructions = TextStim(__class__=<class 'psychopy.visual.text.TextStim'>, alignHoriz=method-wrapper(...), alignText='center', alignVert=method-wrapper(...), anchorHoriz='center', anchorVert='center', antialias=True, autoDraw=False, autoLog=True, bold=False, color=array([1., 1., 1.]), colorSpace='rgb', contrast=1.0, depth=0.0, draggable=False, flipHoriz=False, flipVert=False, font='Open Sans', fontFiles=[], height=0.02, italic=False, languageStyle='LTR', name='text_instructions', opacity=1.0, ori=0.0, pos=array([0., 0.]), rgb=UNKNOWN, text=str(...), units='height', win=Window(...), wrapWidth=1)
14.8497 	EXP 	window1: mouseVisible = True
14.8573 	EXP 	Created next_task_ready = TextStim(__class__=<class 'psychopy.visual.text.TextStim'>, alignHoriz=method-wrapper(...), alignText='center', alignVert=method-wrapper(...), anchorHoriz='center', anchorVert='center', antialias=True, autoDraw=False, autoLog=True, bold=False, color=array([1., 1., 1.]), colorSpace='rgb', contrast=1.0, depth=0.0, draggable=False, flipHoriz=False, flipVert=False, font='Open Sans', fontFiles=[], height=0.02, italic=False, languageStyle='LTR', name='next_task_ready', opacity=1.0, ori=0.0, pos=array([0., 0.]), rgb=UNKNOWN, text=str(...), units='height', win=Window(...), wrapWidth=1)
14.8574 	EXP 	window1: mouseVisible = True
14.8636 	EXP 	Created text_fixation = TextStim(__class__=<class 'psychopy.visual.text.TextStim'>, alignHoriz=method-wrapper(...), alignText='center', alignVert=method-wrapper(...), anchorHoriz='center', anchorVert='center', antialias=True, autoDraw=False, autoLog=True, bold=False, color=array([1., 1., 1.]), colorSpace='rgb', contrast=1.0, depth=-1.0, draggable=False, flipHoriz=False, flipVert=False, font='Open Sans', fontFiles=[], height=0.05, italic=False, languageStyle='LTR', name='text_fixation', opacity=1.0, ori=0.0, pos=array([0., 0.]), rgb=UNKNOWN, text='+', units='height', win=Window(...), wrapWidth=1)
14.8638 	EXP 	window1: mouseVisible = True
14.8805 	EXP 	Created stimulus = ImageStim(__class__=<class 'psychopy.visual.image.ImageStim'>, anchor=('center', 'center'), autoLog=True, color=array([1., 1., 1.]), colorSpace='rgb', contrast=1.0, depth=0.0, draggable=False, flipHoriz=False, flipVert=False, image='default.png', interpolate=True, mask=None, maskParams=None, name='stimulus', opacity=1.0, ori=0.0, pos=array([0., 0.]), size=array([0.6, 0.6]), texRes=128.0, units='height', win=Window(...))
14.8806 	EXP 	window1: mouseVisible = True
14.8951 	EXP 	Created response_northern_text = TextStim(__class__=<class 'psychopy.visual.text.TextStim'>, alignHoriz=method-wrapper(...), alignText='center', alignVert=method-wrapper(...), anchorHoriz='center', anchorVert='center', antialias=True, autoDraw=False, autoLog=True, bold=False, color=array([1., 1., 1.]), colorSpace='rgb', contrast=1.0, depth=-1.0, draggable=False, flipHoriz=False, flipVert=False, font='Open Sans', fontFiles=[], height=0.05, italic=False, languageStyle='LTR', name='response_northern_text', opacity=1.0, ori=0.0, pos=array([-0.4 , -0.35]), rgb=UNKNOWN, text='Northern Hemisphere (Left)', units='height', win=Window(...), wrapWidth=1)
14.8952 	EXP 	window1: mouseVisible = True
14.9017 	EXP 	Created response_southern_text = TextStim(__class__=<class 'psychopy.visual.text.TextStim'>, alignHoriz=method-wrapper(...), alignText='center', alignVert=method-wrapper(...), anchorHoriz='center', anchorVert='center', antialias=True, autoDraw=False, autoLog=True, bold=False, color=array([1., 1., 1.]), colorSpace='rgb', contrast=1.0, depth=-2.0, draggable=False, flipHoriz=False, flipVert=False, font='Open Sans', fontFiles=[], height=0.05, italic=False, languageStyle='LTR', name='response_southern_text', opacity=1.0, ori=0.0, pos=array([ 0.4 , -0.35]), rgb=UNKNOWN, text='Southern Hemisphere (Right)', units='height', win=Window(...), wrapWidth=1)
14.9019 	EXP 	window1: mouseVisible = True
14.9028 	EXP 	Created feedback_text = TextStim(__class__=<class 'psychopy.visual.text.TextStim'>, alignHoriz=method-wrapper(...), alignText='center', alignVert=method-wrapper(...), anchorHoriz='center', anchorVert='center', antialias=True, autoDraw=False, autoLog=True, bold=False, color=array([1., 1., 1.]), colorSpace='rgb', contrast=1.0, depth=-1.0, draggable=False, flipHoriz=False, flipVert=False, font='Open Sans', fontFiles=[], height=0.05, italic=False, languageStyle='LTR', name='feedback_text', opacity=1.0, ori=0.0, pos=array([0., 0.]), rgb=UNKNOWN, text='', units='height', win=Window(...), wrapWidth=1)
15.3343 	EXP 	Sound correct_tone set volume 1.000
15.3349 	EXP 	Sound incorrect_tone set volume 1.000
15.3351 	EXP 	window1: mouseVisible = True
15.3707 	EXP 	Created text_end = TextStim(__class__=<class 'psychopy.visual.text.TextStim'>, alignHoriz=method-wrapper(...), alignText='center', alignVert=method-wrapper(...), anchorHoriz='center', anchorVert='center', antialias=True, autoDraw=False, autoLog=True, bold=False, color=array([1., 1., 1.]), colorSpace='rgb', contrast=1.0, depth=0.0, draggable=False, flipHoriz=False, flipVert=False, font='Open Sans', fontFiles=[], height=0.025, italic=False, languageStyle='LTR', name='text_end', opacity=1.0, ori=0.0, pos=array([0., 0.]), rgb=UNKNOWN, text=str(...), units='height', win=Window(...), wrapWidth=1)
0.0228 	EXP 	informed_consent: autoDraw = True
0.9813 	DATA 	Mouse: Left button down, pos=(1591,1260)
1.0809 	DATA 	Mouse:  Left button up, pos=(1591,1260)
1.4998 	DATA 	Keypress: space
1.5096 	EXP 	informed_consent: autoDraw = False
1.5096 	EXP 	text_instructions: autoDraw = True
2.0641 	EXP 	Imported design/CRL1_task.csv as conditions, 2 conditions, 1 params
2.0660 	EXP 	Created sequence: fullRandom, trialTypes=2, nReps=1, seed=None
2.0663 	EXP 	New trial (rep=0, index=0): OrderedDict([('tasksRows', ' 0:2')])
2.0684 	DATA 	Keypress: space
2.0761 	EXP 	text_instructions: autoDraw = False
2.0761 	EXP 	next_task_ready: autoDraw = True
2.6141 	EXP 	Imported design/CRL1e_phase.csv as conditions, 2 conditions, 2 params
2.6143 	EXP 	Created sequence: sequential, trialTypes=2, nReps=1, seed=None
2.6145 	EXP 	New trial (rep=0, index=0): OrderedDict([('trialsRows', ' 0:8'), ('eachBlock', 6)])
2.6187 	EXP 	Imported design/CRL1e_trials_set1.csv as conditions, 8 conditions, 7 params
2.6191 	EXP 	Created sequence: random, trialTypes=8, nReps=6, seed=None
2.6193 	EXP 	New trial (rep=0, index=0): OrderedDict([('task', 'total'), ('phase', 1), ('Exemplars', 'images/Ex4.jpg'), ('r_correct', 'right'), ('condition', 'training'), ('difficulty', 'easy'), ('set', 1)])
2.6225 	DATA 	Keypress: space
2.6328 	EXP 	next_task_ready: autoDraw = False
2.6328 	EXP 	text_fixation: autoDraw = True
3.7471 	EXP 	text_fixation: autoDraw = False
3.7471 	EXP 	text_fixation: autoDraw = False
3.7471 	EXP 	stimulus: image = 'images/Ex4.jpg'
3.7471 	EXP 	stimulus: autoDraw = True
3.7471 	EXP 	response_northern_text: autoDraw = True
3.7471 	EXP 	response_southern_text: autoDraw = True
10.1982 	DATA 	Keypress: 0
11.0312 	DATA 	Keypress: m
11.6150 	DATA 	Keypress: l
12.1639 	DATA 	Keypress: 0
12.8148 	DATA 	Keypress: 1
13.3613 	EXP 	Sound correct_tone started
13.3613 	EXP 	Sound incorrect_tone started
13.3506 	DATA 	Keypress: left
13.3586 	EXP 	stimulus: autoDraw = False
13.3586 	EXP 	response_northern_text: autoDraw = False
13.3586 	EXP 	response_southern_text: autoDraw = False
13.3586 	EXP 	feedback_text: height = 0.05
13.3586 	EXP 	feedback_text: height = 0.05
13.3586 	EXP 	feedback_text: height = 0.05
13.3586 	EXP 	feedback_text: text = 'Too Slow, Please Respond More Quickly'
13.3586 	EXP 	feedback_text: autoDraw = True
13.5655 	EXP 	Sound correct_tone reached end of file
13.5656 	EXP 	Sound correct_tone reached end of file
13.5657 	EXP 	Sound incorrect_tone reached end of file
13.5657 	EXP 	Sound incorrect_tone reached end of file
14.3418 	EXP 	New trial (rep=0, index=1): OrderedDict([('task', 'total'), ('phase', 1), ('Exemplars', 'images/Ex2.jpg'), ('r_correct', 'left'), ('condition', 'training'), ('difficulty', 'easy'), ('set', 1)])
14.3574 	EXP 	feedback_text: autoDraw = False
14.3574 	EXP 	text_fixation: autoDraw = True
16.0194 	EXP 	text_fixation: autoDraw = False
16.0194 	EXP 	text_fixation: autoDraw = False
16.0194 	EXP 	stimulus: image = 'images/Ex2.jpg'
16.0194 	EXP 	stimulus: autoDraw = True
16.0194 	EXP 	response_northern_text: autoDraw = True
16.0194 	EXP 	response_southern_text: autoDraw = True
16.3640 	DATA 	Keypress: right
16.3945 	EXP 	Sound correct_tone started
16.3945 	EXP 	Sound incorrect_tone started
16.3923 	EXP 	stimulus: autoDraw = False
16.3923 	EXP 	response_northern_text: autoDraw = False
16.3923 	EXP 	response_southern_text: autoDraw = False
16.3923 	EXP 	feedback_text: height = 0.05
16.3923 	EXP 	feedback_text: height = 0.05
16.3923 	EXP 	feedback_text: height = 0.05
16.3923 	EXP 	feedback_text: text = 'Incorrect'
16.3923 	EXP 	feedback_text: autoDraw = True
16.5958 	EXP 	Sound correct_tone reached end of file
16.5959 	EXP 	Sound correct_tone reached end of file
16.5960 	EXP 	Sound incorrect_tone reached end of file
16.5960 	EXP 	Sound incorrect_tone reached end of file
17.3912 	EXP 	New trial (rep=0, index=2): OrderedDict([('task', 'total'), ('phase', 1), ('Exemplars', 'images/Ex4.jpg'), ('r_correct', 'right'), ('condition', 'training'), ('difficulty', 'easy'), ('set', 1)])
17.4074 	EXP 	feedback_text: autoDraw = False
17.4074 	EXP 	text_fixation: autoDraw = True
17.4771 	DATA 	Keypress: escape
17.6412 	EXP 	CRL1e: status = STOPPED
17.6573 	EXP 	text_fixation: autoDraw = False
17.6574 	EXP 	CRL1e: status = STOPPED
19.0006 	EXP 	window1: mouseVisible = True
